\BOOKMARK [0][-]{chapter.1}{SimpleTab}{}% 1
\BOOKMARK [1][-]{section.1.1}{config}{chapter.1}% 2
\BOOKMARK [2][-]{subsection.1.1.1}{conparam.php}{section.1.1}% 3
\BOOKMARK [1][-]{section.1.2}{controller}{chapter.1}% 4
\BOOKMARK [2][-]{subsection.1.2.1}{getUserByEmail.php}{section.1.2}% 5
\BOOKMARK [2][-]{subsection.1.2.2}{getUserByPseudo.php}{section.1.2}% 6
\BOOKMARK [2][-]{subsection.1.2.3}{getRateByTabId.php}{section.1.2}% 7
\BOOKMARK [2][-]{subsection.1.2.4}{deleteUserById.php}{section.1.2}% 8
\BOOKMARK [2][-]{subsection.1.2.5}{getInfosTab.php}{section.1.2}% 9
\BOOKMARK [2][-]{subsection.1.2.6}{getTabAndRelatedArtistByName.php}{section.1.2}% 10
\BOOKMARK [2][-]{subsection.1.2.7}{updateTabRate.php}{section.1.2}% 11
\BOOKMARK [2][-]{subsection.1.2.8}{approuveTab.php}{section.1.2}% 12
\BOOKMARK [2][-]{subsection.1.2.9}{getAllNonApprouvedTab.php}{section.1.2}% 13
\BOOKMARK [2][-]{subsection.1.2.10}{getUserById.php}{section.1.2}% 14
\BOOKMARK [2][-]{subsection.1.2.11}{identifyUser.php}{section.1.2}% 15
\BOOKMARK [2][-]{subsection.1.2.12}{getTabAndRelatedArtistPostedByUser.php}{section.1.2}% 16
\BOOKMARK [2][-]{subsection.1.2.13}{getUsersAndNbTabPosted.php}{section.1.2}% 17
\BOOKMARK [2][-]{subsection.1.2.14}{getRateByUserId.php}{section.1.2}% 18
\BOOKMARK [2][-]{subsection.1.2.15}{getArtistNames.php}{section.1.2}% 19
\BOOKMARK [2][-]{subsection.1.2.16}{getTabById.php}{section.1.2}% 20
\BOOKMARK [2][-]{subsection.1.2.17}{modifyTabById.php}{section.1.2}% 21
\BOOKMARK [2][-]{subsection.1.2.18}{getTabAndRelatedArtist.php}{section.1.2}% 22
\BOOKMARK [2][-]{subsection.1.2.19}{getTabByArtist.php}{section.1.2}% 23
\BOOKMARK [2][-]{subsection.1.2.20}{addTab.php}{section.1.2}% 24
\BOOKMARK [2][-]{subsection.1.2.21}{deleteTabById.php}{section.1.2}% 25
\BOOKMARK [2][-]{subsection.1.2.22}{getTabByTitle.php}{section.1.2}% 26
\BOOKMARK [2][-]{subsection.1.2.23}{addComment.php}{section.1.2}% 27
\BOOKMARK [2][-]{subsection.1.2.24}{getDifficultyInLetters.php}{section.1.2}% 28
\BOOKMARK [2][-]{subsection.1.2.25}{addUser.php}{section.1.2}% 29
\BOOKMARK [2][-]{subsection.1.2.26}{getCommentsByTab.php}{section.1.2}% 30
\BOOKMARK [2][-]{subsection.1.2.27}{addRate.php}{section.1.2}% 31
\BOOKMARK [2][-]{subsection.1.2.28}{destroySession.php}{section.1.2}% 32
\BOOKMARK [1][-]{section.1.3}{model}{chapter.1}% 33
\BOOKMARK [2][-]{subsection.1.3.1}{userManager.php}{section.1.3}% 34
\BOOKMARK [2][-]{subsection.1.3.2}{tablatureManager.php}{section.1.3}% 35
\BOOKMARK [2][-]{subsection.1.3.3}{commentManager.php}{section.1.3}% 36
\BOOKMARK [2][-]{subsection.1.3.4}{rateManager.php}{section.1.3}% 37
\BOOKMARK [2][-]{subsection.1.3.5}{artistManager.php}{section.1.3}% 38
\BOOKMARK [2][-]{subsection.1.3.6}{rate.php}{section.1.3}% 39
\BOOKMARK [2][-]{subsection.1.3.7}{tablature.php}{section.1.3}% 40
\BOOKMARK [2][-]{subsection.1.3.8}{user.php}{section.1.3}% 41
\BOOKMARK [2][-]{subsection.1.3.9}{comment.php}{section.1.3}% 42
\BOOKMARK [2][-]{subsection.1.3.10}{Artist.php}{section.1.3}% 43
\BOOKMARK [2][-]{subsection.1.3.11}{database.php}{section.1.3}% 44
\BOOKMARK [1][-]{section.1.4}{public}{chapter.1}% 45
\BOOKMARK [2][-]{subsection.1.4.1}{css}{section.1.4}% 46
\BOOKMARK [2][-]{subsection.1.4.2}{js}{section.1.4}% 47
\BOOKMARK [1][-]{section.1.5}{tabs}{chapter.1}% 48
\BOOKMARK [2][-]{subsection.1.5.1}{81.php}{section.1.5}% 49
\BOOKMARK [2][-]{subsection.1.5.2}{83.php}{section.1.5}% 50
\BOOKMARK [2][-]{subsection.1.5.3}{84.php}{section.1.5}% 51
\BOOKMARK [1][-]{section.1.6}{view}{chapter.1}% 52
\BOOKMARK [2][-]{subsection.1.6.1}{homePage.php}{section.1.6}% 53
\BOOKMARK [2][-]{subsection.1.6.2}{search.php}{section.1.6}% 54
\BOOKMARK [2][-]{subsection.1.6.3}{tablaturePage.php}{section.1.6}% 55
\BOOKMARK [2][-]{subsection.1.6.4}{tablatureManagerPage.php}{section.1.6}% 56
\BOOKMARK [2][-]{subsection.1.6.5}{modals.php}{section.1.6}% 57
\BOOKMARK [2][-]{subsection.1.6.6}{tablatureAndUserManagerPage.php}{section.1.6}% 58
