This is pdfTeX, Version 3.14159265-2.6-1.40.18 (MiKTeX 2.9.6350) (preloaded format=pdflatex 2017.9.19)  24 MAY 2018 16:32
entering extended mode
**./SimpleTab.tex
(SimpleTab.tex
LaTeX2e <2017-04-15>
Babel <3.12> and hyphenation patterns for 75 language(s) loaded.

(C:\Users\SAUSERR_INFO\Desktop\tex\MiKTexPortable\texmfs\install\tex\latex\base
\report.cls
Document Class: report 2014/09/29 v1.4h Standard LaTeX document class

(C:\Users\SAUSERR_INFO\Desktop\tex\MiKTexPortable\texmfs\install\tex\latex\base
\size12.clo
File: size12.clo 2014/09/29 v1.4h Standard LaTeX file (size option)
)
\c@part=\count79
\c@chapter=\count80
\c@section=\count81
\c@subsection=\count82
\c@subsubsection=\count83
\c@paragraph=\count84
\c@subparagraph=\count85
\c@figure=\count86
\c@table=\count87
\abovecaptionskip=\skip41
\belowcaptionskip=\skip42
\bibindent=\dimen102
)
(C:\Users\SAUSERR_INFO\Desktop\tex\MiKTexPortable\texmfs\install\tex\generic\ba
bel\babel.sty
Package: babel 2017/06/29 3.12 The Babel package

(C:\Users\SAUSERR_INFO\Desktop\tex\MiKTexPortable\texmfs\install\tex\generic\ba
bel\switch.def
File: switch.def 2017/06/29 3.12 Babel switching mechanism
)
*************************************
* Local config file bblopts.cfg used
*

(C:\Users\SAUSERR_INFO\Desktop\tex\MiKTexPortable\texmfs\install\tex\latex\arab
i\bblopts.cfg
File: bblopts.cfg 2005/09/08 v0.1 add Arabic and Farsi to "declared" options of
 babel
)
(C:\Users\SAUSERR_INFO\Desktop\tex\MiKTexPortable\texmfs\install\tex\generic\ba
bel-french\frenchb.ldf
Language: frenchb 2017/09/07 v3.3c French support from the babel system


Package babel-french Warning: Option `francais' for Babel is *deprecated*,
(babel-french)                it might be removed sooner or later. Please
(babel-french)                use `french' instead; reported on input line 45.


(C:\Users\SAUSERR_INFO\Desktop\tex\MiKTexPortable\texmfs\install\tex\generic\ba
bel-french\french.ldf
Language: french 2017/09/07 v3.3c French support from the babel system

(C:\Users\SAUSERR_INFO\Desktop\tex\MiKTexPortable\texmfs\install\tex\generic\ba
bel\babel.def
File: babel.def 2017/06/29 3.12 Babel common definitions

(C:\Users\SAUSERR_INFO\Desktop\tex\MiKTexPortable\texmfs\install\tex\generic\ba
bel\switch.def
File: switch.def 2017/06/29 3.12 Babel switching mechanism
)
\babel@savecnt=\count88
\U@D=\dimen103
)
\FB@nonchar=\count89
\FBcolonsp=\toks14
\FBthinsp=\toks15
Package babel Info: Making : an active character on input line 322.
Package babel Info: Making ; an active character on input line 323.
Package babel Info: Making ! an active character on input line 324.
Package babel Info: Making ? an active character on input line 325.
\FBguillsp=\toks16
\FBguill@level=\count90
\FB@everypar=\toks17
\FB@Mht=\dimen104
\mc@charclass=\count91
\mc@charfam=\count92
\mc@charslot=\count93
\std@mcc=\count94
\dec@mcc=\count95
\c@FBcaption@count=\count96
\listindentFB=\skip43
\descindentFB=\skip44
\labelwidthFB=\skip45
\leftmarginFB=\skip46
\parindentFFN=\dimen105
\FBfnindent=\skip47
)))
(C:\Users\SAUSERR_INFO\Desktop\tex\MiKTexPortable\texmfs\install\tex\latex\carl
isle\scalefnt.sty)
(C:\Users\SAUSERR_INFO\Desktop\tex\MiKTexPortable\texmfs\install\tex\latex\grap
hics\keyval.sty
Package: keyval 2014/10/28 v1.15 key=value parser (DPC)
\KV@toks@=\toks18
)
(C:\Users\SAUSERR_INFO\Desktop\tex\MiKTexPortable\texmfs\install\tex\latex\base
\fontenc.sty
Package: fontenc 2017/04/05 v2.0i Standard LaTeX package

(C:\Users\SAUSERR_INFO\Desktop\tex\MiKTexPortable\texmfs\install\tex\latex\base
\t1enc.def
File: t1enc.def 2017/04/05 v2.0i Standard LaTeX file
LaTeX Font Info:    Redeclaring font encoding T1 on input line 48.
))
(C:\Users\SAUSERR_INFO\Desktop\tex\MiKTexPortable\texmfs\install\tex\latex\base
\inputenc.sty
Package: inputenc 2015/03/17 v1.2c Input encoding file
\inpenc@prehook=\toks19
\inpenc@posthook=\toks20

(C:\Users\SAUSERR_INFO\Desktop\tex\MiKTexPortable\texmfs\install\tex\latex\base
\latin1.def
File: latin1.def 2015/03/17 v1.2c Input encoding file
))
(C:\Users\SAUSERR_INFO\Desktop\tex\MiKTexPortable\texmfs\install\tex\latex\lm\l
modern.sty
Package: lmodern 2009/10/30 v1.6 Latin Modern Fonts
LaTeX Font Info:    Overwriting symbol font `operators' in version `normal'
(Font)                  OT1/cmr/m/n --> OT1/lmr/m/n on input line 22.
LaTeX Font Info:    Overwriting symbol font `letters' in version `normal'
(Font)                  OML/cmm/m/it --> OML/lmm/m/it on input line 23.
LaTeX Font Info:    Overwriting symbol font `symbols' in version `normal'
(Font)                  OMS/cmsy/m/n --> OMS/lmsy/m/n on input line 24.
LaTeX Font Info:    Overwriting symbol font `largesymbols' in version `normal'
(Font)                  OMX/cmex/m/n --> OMX/lmex/m/n on input line 25.
LaTeX Font Info:    Overwriting symbol font `operators' in version `bold'
(Font)                  OT1/cmr/bx/n --> OT1/lmr/bx/n on input line 26.
LaTeX Font Info:    Overwriting symbol font `letters' in version `bold'
(Font)                  OML/cmm/b/it --> OML/lmm/b/it on input line 27.
LaTeX Font Info:    Overwriting symbol font `symbols' in version `bold'
(Font)                  OMS/cmsy/b/n --> OMS/lmsy/b/n on input line 28.
LaTeX Font Info:    Overwriting symbol font `largesymbols' in version `bold'
(Font)                  OMX/cmex/m/n --> OMX/lmex/m/n on input line 29.
LaTeX Font Info:    Overwriting math alphabet `\mathbf' in version `normal'
(Font)                  OT1/cmr/bx/n --> OT1/lmr/bx/n on input line 31.
LaTeX Font Info:    Overwriting math alphabet `\mathsf' in version `normal'
(Font)                  OT1/cmss/m/n --> OT1/lmss/m/n on input line 32.
LaTeX Font Info:    Overwriting math alphabet `\mathit' in version `normal'
(Font)                  OT1/cmr/m/it --> OT1/lmr/m/it on input line 33.
LaTeX Font Info:    Overwriting math alphabet `\mathtt' in version `normal'
(Font)                  OT1/cmtt/m/n --> OT1/lmtt/m/n on input line 34.
LaTeX Font Info:    Overwriting math alphabet `\mathbf' in version `bold'
(Font)                  OT1/cmr/bx/n --> OT1/lmr/bx/n on input line 35.
LaTeX Font Info:    Overwriting math alphabet `\mathsf' in version `bold'
(Font)                  OT1/cmss/bx/n --> OT1/lmss/bx/n on input line 36.
LaTeX Font Info:    Overwriting math alphabet `\mathit' in version `bold'
(Font)                  OT1/cmr/bx/it --> OT1/lmr/bx/it on input line 37.
LaTeX Font Info:    Overwriting math alphabet `\mathtt' in version `bold'
(Font)                  OT1/cmtt/m/n --> OT1/lmtt/m/n on input line 38.
)
(C:\Users\SAUSERR_INFO\Desktop\tex\MiKTexPortable\texmfs\install\tex\latex\hype
rref\hyperref.sty
Package: hyperref 2017/03/14 v6.85a Hypertext links for LaTeX

(C:\Users\SAUSERR_INFO\Desktop\tex\MiKTexPortable\texmfs\install\tex\generic\ob
erdiek\hobsub-hyperref.sty
Package: hobsub-hyperref 2016/05/16 v1.14 Bundle oberdiek, subset hyperref (HO)


(C:\Users\SAUSERR_INFO\Desktop\tex\MiKTexPortable\texmfs\install\tex\generic\ob
erdiek\hobsub-generic.sty
Package: hobsub-generic 2016/05/16 v1.14 Bundle oberdiek, subset generic (HO)
Package: hobsub 2016/05/16 v1.14 Construct package bundles (HO)
Package: infwarerr 2016/05/16 v1.4 Providing info/warning/error messages (HO)
Package: ltxcmds 2016/05/16 v1.23 LaTeX kernel commands for general use (HO)
Package: ifluatex 2016/05/16 v1.4 Provides the ifluatex switch (HO)
Package ifluatex Info: LuaTeX not detected.
Package: ifvtex 2016/05/16 v1.6 Detect VTeX and its facilities (HO)
Package ifvtex Info: VTeX not detected.
Package: intcalc 2016/05/16 v1.2 Expandable calculations with integers (HO)
Package: ifpdf 2017/03/15 v3.2 Provides the ifpdf switch
Package: etexcmds 2016/05/16 v1.6 Avoid name clashes with e-TeX commands (HO)
Package etexcmds Info: Could not find \expanded.
(etexcmds)             That can mean that you are not using pdfTeX 1.50 or
(etexcmds)             that some package has redefined \expanded.
(etexcmds)             In the latter case, load this package earlier.
Package: kvsetkeys 2016/05/16 v1.17 Key value parser (HO)
Package: kvdefinekeys 2016/05/16 v1.4 Define keys (HO)
Package: pdftexcmds 2017/03/19 v0.25 Utility functions of pdfTeX for LuaTeX (HO
)
Package pdftexcmds Info: LuaTeX not detected.
Package pdftexcmds Info: \pdf@primitive is available.
Package pdftexcmds Info: \pdf@ifprimitive is available.
Package pdftexcmds Info: \pdfdraftmode found.
Package: pdfescape 2016/05/16 v1.14 Implements pdfTeX's escape features (HO)
Package: bigintcalc 2016/05/16 v1.4 Expandable calculations on big integers (HO
)
Package: bitset 2016/05/16 v1.2 Handle bit-vector datatype (HO)
Package: uniquecounter 2016/05/16 v1.3 Provide unlimited unique counter (HO)
)
Package hobsub Info: Skipping package `hobsub' (already loaded).
Package: letltxmacro 2016/05/16 v1.5 Let assignment for LaTeX macros (HO)
Package: hopatch 2016/05/16 v1.3 Wrapper for package hooks (HO)
Package: xcolor-patch 2016/05/16 xcolor patch
Package: atveryend 2016/05/16 v1.9 Hooks at the very end of document (HO)
Package atveryend Info: \enddocument detected (standard20110627).
Package: atbegshi 2016/06/09 v1.18 At begin shipout hook (HO)
Package: refcount 2016/05/16 v3.5 Data extraction from label references (HO)
Package: hycolor 2016/05/16 v1.8 Color options for hyperref/bookmark (HO)
)
(C:\Users\SAUSERR_INFO\Desktop\tex\MiKTexPortable\texmfs\install\tex\generic\if
xetex\ifxetex.sty
Package: ifxetex 2010/09/12 v0.6 Provides ifxetex conditional
)
(C:\Users\SAUSERR_INFO\Desktop\tex\MiKTexPortable\texmfs\install\tex\latex\ober
diek\auxhook.sty
Package: auxhook 2016/05/16 v1.4 Hooks for auxiliary files (HO)
)
(C:\Users\SAUSERR_INFO\Desktop\tex\MiKTexPortable\texmfs\install\tex\latex\ober
diek\kvoptions.sty
Package: kvoptions 2016/05/16 v3.12 Key value format for package options (HO)
)
\@linkdim=\dimen106
\Hy@linkcounter=\count97
\Hy@pagecounter=\count98

(C:\Users\SAUSERR_INFO\Desktop\tex\MiKTexPortable\texmfs\install\tex\latex\hype
rref\pd1enc.def
File: pd1enc.def 2017/03/14 v6.85a Hyperref: PDFDocEncoding definition (HO)
)
\Hy@SavedSpaceFactor=\count99

(C:\Users\SAUSERR_INFO\Desktop\tex\MiKTexPortable\texmfs\install\tex\latex\00mi
ktex\hyperref.cfg
File: hyperref.cfg 2002/06/06 v1.2 hyperref configuration of TeXLive
)
Package hyperref Info: Hyper figures OFF on input line 4498.
Package hyperref Info: Link nesting OFF on input line 4503.
Package hyperref Info: Hyper index ON on input line 4506.
Package hyperref Info: Plain pages OFF on input line 4513.
Package hyperref Info: Backreferencing OFF on input line 4518.
Package hyperref Info: Implicit mode ON; LaTeX internals redefined.
Package hyperref Info: Bookmarks ON on input line 4751.
\c@Hy@tempcnt=\count100

(C:\Users\SAUSERR_INFO\Desktop\tex\MiKTexPortable\texmfs\install\tex\latex\url\
url.sty
\Urlmuskip=\muskip10
Package: url 2013/09/16  ver 3.4  Verb mode for urls, etc.
)
LaTeX Info: Redefining \url on input line 5104.
\XeTeXLinkMargin=\dimen107
\Fld@menulength=\count101
\Field@Width=\dimen108
\Fld@charsize=\dimen109
Package hyperref Info: Hyper figures OFF on input line 6358.
Package hyperref Info: Link nesting OFF on input line 6363.
Package hyperref Info: Hyper index ON on input line 6366.
Package hyperref Info: backreferencing OFF on input line 6373.
Package hyperref Info: Link coloring OFF on input line 6378.
Package hyperref Info: Link coloring with OCG OFF on input line 6383.
Package hyperref Info: PDF/A mode OFF on input line 6388.
LaTeX Info: Redefining \ref on input line 6428.
LaTeX Info: Redefining \pageref on input line 6432.
\Hy@abspage=\count102
\c@Item=\count103
\c@Hfootnote=\count104
)

Package hyperref Message: Driver (autodetected): hpdftex.


(C:\Users\SAUSERR_INFO\Desktop\tex\MiKTexPortable\texmfs\install\tex\latex\hype
rref\hpdftex.def
File: hpdftex.def 2017/03/14 v6.85a Hyperref driver for pdfTeX
\Fld@listcount=\count105
\c@bookmark@seq@number=\count106

(C:\Users\SAUSERR_INFO\Desktop\tex\MiKTexPortable\texmfs\install\tex\latex\ober
diek\rerunfilecheck.sty
Package: rerunfilecheck 2016/05/16 v1.8 Rerun checks for auxiliary files (HO)
Package uniquecounter Info: New unique counter `rerunfilecheck' on input line 2
82.
)
\Hy@SectionHShift=\skip48
)
(C:\Users\SAUSERR_INFO\Desktop\tex\MiKTexPortable\texmfs\install\tex\latex\blin
dtext\blindtext.sty
Package: blindtext 2012/01/06 V2.0 blindtext-Package

(C:\Users\SAUSERR_INFO\Desktop\tex\MiKTexPortable\texmfs\install\tex\latex\tool
s\xspace.sty
Package: xspace 2014/10/28 v1.13 Space after command names (DPC,MH)
)
\c@blindtext=\count107
\c@Blindtext=\count108
\c@blind@countparstart=\count109
\blind@countxx=\count110
\blindtext@numBlindtext=\count111
\blind@countyy=\count112
\c@blindlist=\count113
\c@blindlistlevel=\count114
\c@blindlist@level=\count115
\blind@listitem=\count116
\c@blind@listcount=\count117
\c@blind@levelcount=\count118
\blind@mathformula=\count119
\blind@Mathformula=\count120
\c@blind@randomcount=\count121
\c@blind@randommax=\count122
\c@blind@pangramcount=\count123
\c@blind@pangrammax=\count124
)
(C:\Users\SAUSERR_INFO\Desktop\tex\MiKTexPortable\texmfs\install\tex\latex\geom
etry\geometry.sty
Package: geometry 2010/09/12 v5.6 Page Geometry
\Gm@cnth=\count125
\Gm@cntv=\count126
\c@Gm@tempcnt=\count127
\Gm@bindingoffset=\dimen110
\Gm@wd@mp=\dimen111
\Gm@odd@mp=\dimen112
\Gm@even@mp=\dimen113
\Gm@layoutwidth=\dimen114
\Gm@layoutheight=\dimen115
\Gm@layouthoffset=\dimen116
\Gm@layoutvoffset=\dimen117
\Gm@dimlist=\toks21

(C:\Users\SAUSERR_INFO\Desktop\tex\MiKTexPortable\texmfs\install\tex\latex\geom
etry\geometry.cfg))
(C:\Users\SAUSERR_INFO\Desktop\tex\MiKTexPortable\texmfs\install\tex\latex\fanc
yhdr\fancyhdr.sty
Package: fancyhdr 2017/06/30 v3.9a Extensive control of page headers and footer
s
\f@nch@headwidth=\skip49
\f@nch@O@elh=\skip50
\f@nch@O@erh=\skip51
\f@nch@O@olh=\skip52
\f@nch@O@orh=\skip53
\f@nch@O@elf=\skip54
\f@nch@O@erf=\skip55
\f@nch@O@olf=\skip56
\f@nch@O@orf=\skip57
)
(C:\Users\SAUSERR_INFO\Desktop\tex\MiKTexPortable\texmfs\install\tex\latex\last
page\lastpage.sty
Package: lastpage 2015/03/29 v1.2m Refers to last page's name (HMM; JPG)
)

Package Fancyhdr Warning: \fancyfoot's `E' option without twoside option is use
less on input line 23.


Package Fancyhdr Warning: \fancyfoot's `E' option without twoside option is use
less on input line 24.


Package Fancyhdr Warning: \fancyfoot's `E' option without twoside option is use
less on input line 25.

\@input{inc_listings_php.aux}
\openout2 = `inc_listings_php.aux'.

(inc_listings_php.tex
(C:\Users\SAUSERR_INFO\Desktop\tex\MiKTexPortable\texmfs\install\tex\latex\xcol
or\xcolor.sty
Package: xcolor 2016/05/11 v2.12 LaTeX color extensions (UK)

(C:\Users\SAUSERR_INFO\Desktop\tex\MiKTexPortable\texmfs\install\tex\latex\grap
hics-cfg\color.cfg
File: color.cfg 2016/01/02 v1.6 sample color configuration
)
Package xcolor Info: Driver file: pdftex.def on input line 225.

(C:\Users\SAUSERR_INFO\Desktop\tex\MiKTexPortable\texmfs\install\tex\latex\grap
hics-def\pdftex.def
File: pdftex.def 2017/06/24 v1.0g Graphics/color driver for pdftex
)
Package xcolor Info: Model `cmy' substituted by `cmy0' on input line 1348.
Package xcolor Info: Model `hsb' substituted by `rgb' on input line 1352.
Package xcolor Info: Model `RGB' extended on input line 1364.
Package xcolor Info: Model `HTML' substituted by `rgb' on input line 1366.
Package xcolor Info: Model `Hsb' substituted by `hsb' on input line 1367.
Package xcolor Info: Model `tHsb' substituted by `hsb' on input line 1368.
Package xcolor Info: Model `HSB' substituted by `hsb' on input line 1369.
Package xcolor Info: Model `Gray' substituted by `gray' on input line 1370.
Package xcolor Info: Model `wave' substituted by `hsb' on input line 1371.
)
(C:\Users\SAUSERR_INFO\Desktop\tex\MiKTexPortable\texmfs\install\tex\latex\list
ings\listings.sty
\lst@mode=\count128
\lst@gtempboxa=\box26
\lst@token=\toks22
\lst@length=\count129
\lst@currlwidth=\dimen118
\lst@column=\count130
\lst@pos=\count131
\lst@lostspace=\dimen119
\lst@width=\dimen120
\lst@newlines=\count132
\lst@lineno=\count133
\lst@maxwidth=\dimen121

(C:\Users\SAUSERR_INFO\Desktop\tex\MiKTexPortable\texmfs\install\tex\latex\list
ings\lstmisc.sty
File: lstmisc.sty 2015/06/04 1.6 (Carsten Heinz)
\c@lstnumber=\count134
\lst@skipnumbers=\count135
\lst@framebox=\box27
)
(C:\Users\SAUSERR_INFO\Desktop\tex\MiKTexPortable\texmfs\install\tex\latex\list
ings\listings.cfg
File: listings.cfg 2015/06/04 1.6 listings configuration
))
Package: listings 2015/06/04 1.6 (Carsten Heinz)

(C:\Users\SAUSERR_INFO\Desktop\tex\MiKTexPortable\texmfs\install\tex\latex\base
\textcomp.sty
Package: textcomp 2017/04/05 v2.0i Standard LaTeX package
Package textcomp Info: Sub-encoding information:
(textcomp)               5 = only ISO-Adobe without \textcurrency
(textcomp)               4 = 5 + \texteuro
(textcomp)               3 = 4 + \textohm
(textcomp)               2 = 3 + \textestimated + \textcurrency
(textcomp)               1 = TS1 - \textcircled - \t
(textcomp)               0 = TS1 (full)
(textcomp)             Font families with sub-encoding setting implement
(textcomp)             only a restricted character set as indicated.
(textcomp)             Family '?' is the default used for unknown fonts.
(textcomp)             See the documentation for details.
Package textcomp Info: Setting ? sub-encoding to TS1/1 on input line 79.

(C:\Users\SAUSERR_INFO\Desktop\tex\MiKTexPortable\texmfs\install\tex\latex\base
\ts1enc.def
File: ts1enc.def 2001/06/05 v3.0e (jk/car/fm) Standard LaTeX file
)
LaTeX Info: Redefining \oldstylenums on input line 334.
Package textcomp Info: Setting cmr sub-encoding to TS1/0 on input line 349.
Package textcomp Info: Setting cmss sub-encoding to TS1/0 on input line 350.
Package textcomp Info: Setting cmtt sub-encoding to TS1/0 on input line 351.
Package textcomp Info: Setting cmvtt sub-encoding to TS1/0 on input line 352.
Package textcomp Info: Setting cmbr sub-encoding to TS1/0 on input line 353.
Package textcomp Info: Setting cmtl sub-encoding to TS1/0 on input line 354.
Package textcomp Info: Setting ccr sub-encoding to TS1/0 on input line 355.
Package textcomp Info: Setting ptm sub-encoding to TS1/4 on input line 356.
Package textcomp Info: Setting pcr sub-encoding to TS1/4 on input line 357.
Package textcomp Info: Setting phv sub-encoding to TS1/4 on input line 358.
Package textcomp Info: Setting ppl sub-encoding to TS1/3 on input line 359.
Package textcomp Info: Setting pag sub-encoding to TS1/4 on input line 360.
Package textcomp Info: Setting pbk sub-encoding to TS1/4 on input line 361.
Package textcomp Info: Setting pnc sub-encoding to TS1/4 on input line 362.
Package textcomp Info: Setting pzc sub-encoding to TS1/4 on input line 363.
Package textcomp Info: Setting bch sub-encoding to TS1/4 on input line 364.
Package textcomp Info: Setting put sub-encoding to TS1/5 on input line 365.
Package textcomp Info: Setting uag sub-encoding to TS1/5 on input line 366.
Package textcomp Info: Setting ugq sub-encoding to TS1/5 on input line 367.
Package textcomp Info: Setting ul8 sub-encoding to TS1/4 on input line 368.
Package textcomp Info: Setting ul9 sub-encoding to TS1/4 on input line 369.
Package textcomp Info: Setting augie sub-encoding to TS1/5 on input line 370.
Package textcomp Info: Setting dayrom sub-encoding to TS1/3 on input line 371.
Package textcomp Info: Setting dayroms sub-encoding to TS1/3 on input line 372.

Package textcomp Info: Setting pxr sub-encoding to TS1/0 on input line 373.
Package textcomp Info: Setting pxss sub-encoding to TS1/0 on input line 374.
Package textcomp Info: Setting pxtt sub-encoding to TS1/0 on input line 375.
Package textcomp Info: Setting txr sub-encoding to TS1/0 on input line 376.
Package textcomp Info: Setting txss sub-encoding to TS1/0 on input line 377.
Package textcomp Info: Setting txtt sub-encoding to TS1/0 on input line 378.
Package textcomp Info: Setting lmr sub-encoding to TS1/0 on input line 379.
Package textcomp Info: Setting lmdh sub-encoding to TS1/0 on input line 380.
Package textcomp Info: Setting lmss sub-encoding to TS1/0 on input line 381.
Package textcomp Info: Setting lmssq sub-encoding to TS1/0 on input line 382.
Package textcomp Info: Setting lmvtt sub-encoding to TS1/0 on input line 383.
Package textcomp Info: Setting lmtt sub-encoding to TS1/0 on input line 384.
Package textcomp Info: Setting qhv sub-encoding to TS1/0 on input line 385.
Package textcomp Info: Setting qag sub-encoding to TS1/0 on input line 386.
Package textcomp Info: Setting qbk sub-encoding to TS1/0 on input line 387.
Package textcomp Info: Setting qcr sub-encoding to TS1/0 on input line 388.
Package textcomp Info: Setting qcs sub-encoding to TS1/0 on input line 389.
Package textcomp Info: Setting qpl sub-encoding to TS1/0 on input line 390.
Package textcomp Info: Setting qtm sub-encoding to TS1/0 on input line 391.
Package textcomp Info: Setting qzc sub-encoding to TS1/0 on input line 392.
Package textcomp Info: Setting qhvc sub-encoding to TS1/0 on input line 393.
Package textcomp Info: Setting futs sub-encoding to TS1/4 on input line 394.
Package textcomp Info: Setting futx sub-encoding to TS1/4 on input line 395.
Package textcomp Info: Setting futj sub-encoding to TS1/4 on input line 396.
Package textcomp Info: Setting hlh sub-encoding to TS1/3 on input line 397.
Package textcomp Info: Setting hls sub-encoding to TS1/3 on input line 398.
Package textcomp Info: Setting hlst sub-encoding to TS1/3 on input line 399.
Package textcomp Info: Setting hlct sub-encoding to TS1/5 on input line 400.
Package textcomp Info: Setting hlx sub-encoding to TS1/5 on input line 401.
Package textcomp Info: Setting hlce sub-encoding to TS1/5 on input line 402.
Package textcomp Info: Setting hlcn sub-encoding to TS1/5 on input line 403.
Package textcomp Info: Setting hlcw sub-encoding to TS1/5 on input line 404.
Package textcomp Info: Setting hlcf sub-encoding to TS1/5 on input line 405.
Package textcomp Info: Setting pplx sub-encoding to TS1/3 on input line 406.
Package textcomp Info: Setting pplj sub-encoding to TS1/3 on input line 407.
Package textcomp Info: Setting ptmx sub-encoding to TS1/4 on input line 408.
Package textcomp Info: Setting ptmj sub-encoding to TS1/4 on input line 409.
)
(C:\Users\SAUSERR_INFO\Desktop\tex\MiKTexPortable\texmfs\install\tex\latex\ober
diek\accsupp.sty
Package: accsupp 2016/05/16 v0.4 Accessibility support by marked content (HO)

(C:\Users\SAUSERR_INFO\Desktop\tex\MiKTexPortable\texmfs\install\tex\latex\ober
diek\accsupp-pdftex.def
File: accsupp-pdftex.def 2016/05/16 v0.4 accsupp driver for pdfTeX (HO)
))
(C:\Users\SAUSERR_INFO\Desktop\tex\MiKTexPortable\texmfs\install\tex\latex\list
ings\lstlang1.sty
File: lstlang1.sty 2015/06/04 1.6 listings language file
)
(C:\Users\SAUSERR_INFO\Desktop\tex\MiKTexPortable\texmfs\install\tex\latex\list
ings\lstlang2.sty
File: lstlang2.sty 2015/06/04 1.6 listings language file
)) (SimpleTab.aux)
\openout1 = `SimpleTab.aux'.

LaTeX Font Info:    Checking defaults for OML/cmm/m/it on input line 31.
LaTeX Font Info:    ... okay on input line 31.
LaTeX Font Info:    Checking defaults for T1/cmr/m/n on input line 31.
LaTeX Font Info:    ... okay on input line 31.
LaTeX Font Info:    Checking defaults for OT1/cmr/m/n on input line 31.
LaTeX Font Info:    ... okay on input line 31.
LaTeX Font Info:    Checking defaults for OMS/cmsy/m/n on input line 31.
LaTeX Font Info:    ... okay on input line 31.
LaTeX Font Info:    Checking defaults for OMX/cmex/m/n on input line 31.
LaTeX Font Info:    ... okay on input line 31.
LaTeX Font Info:    Checking defaults for U/cmr/m/n on input line 31.
LaTeX Font Info:    ... okay on input line 31.
LaTeX Font Info:    Checking defaults for PD1/pdf/m/n on input line 31.
LaTeX Font Info:    ... okay on input line 31.
LaTeX Font Info:    Checking defaults for TS1/cmr/m/n on input line 31.
LaTeX Font Info:    Try loading font information for TS1+cmr on input line 31.

(C:\Users\SAUSERR_INFO\Desktop\tex\MiKTexPortable\texmfs\install\tex\latex\base
\ts1cmr.fd
File: ts1cmr.fd 2014/09/29 v2.5h Standard LaTeX font definitions
)
LaTeX Font Info:    ... okay on input line 31.
LaTeX Font Info:    Try loading font information for T1+lmr on input line 31.

(C:\Users\SAUSERR_INFO\Desktop\tex\MiKTexPortable\texmfs\install\tex\latex\lm\t
1lmr.fd
File: t1lmr.fd 2009/10/30 v1.6 Font defs for Latin Modern
)
LaTeX Info: Redefining \degres on input line 31.
LaTeX Info: Redefining \dots on input line 31.
LaTeX Info: Redefining \up on input line 31.
\AtBeginShipoutBox=\box28
Package hyperref Info: Link coloring OFF on input line 31.

(C:\Users\SAUSERR_INFO\Desktop\tex\MiKTexPortable\texmfs\install\tex\latex\hype
rref\nameref.sty
Package: nameref 2016/05/21 v2.44 Cross-referencing by name of section

(C:\Users\SAUSERR_INFO\Desktop\tex\MiKTexPortable\texmfs\install\tex\generic\ob
erdiek\gettitlestring.sty
Package: gettitlestring 2016/05/16 v1.5 Cleanup title references (HO)
)
\c@section@level=\count136
)
LaTeX Info: Redefining \ref on input line 31.
LaTeX Info: Redefining \pageref on input line 31.
LaTeX Info: Redefining \nameref on input line 31.
 (SimpleTab.out) (SimpleTab.out)
\@outlinefile=\write3
\openout3 = `SimpleTab.out'.


*geometry* driver: auto-detecting
*geometry* detected driver: pdftex
*geometry* verbose mode - [ preamble ] result:
* driver: pdftex
* paper: a4paper
* layout: <same size as paper>
* layoutoffset:(h,v)=(0.0pt,0.0pt)
* modes: 
* h-part:(L,W,R)=(71.13188pt, 469.47049pt, 56.9055pt)
* v-part:(T,H,B)=(42.67912pt, 759.6886pt, 42.67912pt)
* \paperwidth=597.50787pt
* \paperheight=845.04684pt
* \textwidth=469.47049pt
* \textheight=759.6886pt
* \oddsidemargin=-1.1381pt
* \evensidemargin=-1.1381pt
* \topmargin=-66.59087pt
* \headheight=12.0pt
* \headsep=25.0pt
* \topskip=12.0pt
* \footskip=30.0pt
* \marginparwidth=35.0pt
* \marginparsep=10.0pt
* \columnsep=10.0pt
* \skip\footins=10.8pt plus 4.0pt minus 2.0pt
* \hoffset=0.0pt
* \voffset=0.0pt
* \mag=1000
* \@twocolumnfalse
* \@twosidefalse
* \@mparswitchfalse
* \@reversemarginfalse
* (1in=72.27pt=25.4mm, 1cm=28.453pt)

Package lastpage Info: Please have a look at the pageslts package at
(lastpage)             https://www.ctan.org/pkg/pageslts
(lastpage)             ! on input line 31.

(C:\Users\SAUSERR_INFO\Desktop\tex\MiKTexPortable\texmfs\install\tex\context\ba
se\supp-pdf.mkii
[Loading MPS to PDF converter (version 2006.09.02).]
\scratchcounter=\count137
\scratchdimen=\dimen122
\scratchbox=\box29
\nofMPsegments=\count138
\nofMParguments=\count139
\everyMPshowfont=\toks23
\MPscratchCnt=\count140
\MPscratchDim=\dimen123
\MPnumerator=\count141
\makeMPintoPDFobject=\count142
\everyMPtoPDFconversion=\toks24
)
\c@lstlisting=\count143
LaTeX Font Info:    Try loading font information for OT1+lmr on input line 37.

(C:\Users\SAUSERR_INFO\Desktop\tex\MiKTexPortable\texmfs\install\tex\latex\lm\o
t1lmr.fd
File: ot1lmr.fd 2009/10/30 v1.6 Font defs for Latin Modern
)
LaTeX Font Info:    Try loading font information for OML+lmm on input line 37.

(C:\Users\SAUSERR_INFO\Desktop\tex\MiKTexPortable\texmfs\install\tex\latex\lm\o
mllmm.fd
File: omllmm.fd 2009/10/30 v1.6 Font defs for Latin Modern
)
LaTeX Font Info:    Try loading font information for OMS+lmsy on input line 37.


(C:\Users\SAUSERR_INFO\Desktop\tex\MiKTexPortable\texmfs\install\tex\latex\lm\o
mslmsy.fd
File: omslmsy.fd 2009/10/30 v1.6 Font defs for Latin Modern
)
LaTeX Font Info:    Try loading font information for OMX+lmex on input line 37.


(C:\Users\SAUSERR_INFO\Desktop\tex\MiKTexPortable\texmfs\install\tex\latex\lm\o
mxlmex.fd
File: omxlmex.fd 2009/10/30 v1.6 Font defs for Latin Modern
)
LaTeX Font Info:    External font `lmex10' loaded for size
(Font)              <14.4> on input line 37.
LaTeX Font Info:    External font `lmex10' loaded for size
(Font)              <10> on input line 37.
LaTeX Font Info:    External font `lmex10' loaded for size
(Font)              <7> on input line 37.
 [1



{C:/Users/SAUSERR_INFO/Desktop/tex/MiKTexPortable/texmfs/data/pdftex/config/pdf
tex.map}] (SimpleTab.toc
LaTeX Font Info:    External font `lmex10' loaded for size
(Font)              <12> on input line 3.
LaTeX Font Info:    External font `lmex10' loaded for size
(Font)              <8> on input line 3.
LaTeX Font Info:    External font `lmex10' loaded for size
(Font)              <6> on input line 3.
pdfTeX warning (ext4): destination with the same identifier (name{page.1}) has 
been already used, duplicate ignored
<to be read again> 
                   \relax 
l.45 ....3.11}database.php}{39}{subsection.1.3.11}
                                                   [1

])
\tf@toc=\write4
\openout4 = `SimpleTab.toc'.

 [2]
Chapitre 1.
Package hyperref Info: bookmark level for unknown lstlisting defaults to 0 on i
nput line 45.
LaTeX Font Info:    Try loading font information for T1+lmtt on input line 45.

(C:\Users\SAUSERR_INFO\Desktop\tex\MiKTexPortable\texmfs\install\tex\latex\lm\t
1lmtt.fd
File: t1lmtt.fd 2009/10/30 v1.6 Font defs for Latin Modern
) (../../dev/SimpleTab/config/conparam.php
LaTeX Font Info:    External font `lmex10' loaded for size
(Font)              <5> on input line 3.
)
(../../dev/SimpleTab/controller/getUserByEmail.php [3

])
(../../dev/SimpleTab/controller/getUserByPseudo.php)
(../../dev/SimpleTab/controller/getRateByTabId.php [4])
(../../dev/SimpleTab/controller/deleteUserById.php)
(../../dev/SimpleTab/controller/getInfosTab.php [5])
(../../dev/SimpleTab/controller/getTabAndRelatedArtistByName.php [6])
(../../dev/SimpleTab/controller/updateTabRate.php)
(../../dev/SimpleTab/controller/approuveTab.php [7])
(../../dev/SimpleTab/controller/getAllNonApprouvedTab.php)
(../../dev/SimpleTab/controller/getUserById.php [8])
(../../dev/SimpleTab/controller/identifyUser.php [9])
(../../dev/SimpleTab/controller/getTabAndRelatedArtistPostedByUser.php)
(../../dev/SimpleTab/controller/getUsersAndNbTabPosted.php [10])
(../../dev/SimpleTab/controller/getRateByUserId.php)
(../../dev/SimpleTab/controller/getArtistNames.php [11])
(../../dev/SimpleTab/controller/getTabById.php)
(../../dev/SimpleTab/controller/modifyTabById.php [12]
Overfull \hbox (30.77951pt too wide) in paragraph at lines 59--60
[][][][][][][][][][][][][][][][][][][][][][][][][][][]  
 []

) (../../dev/SimpleTab/controller/getTabAndRelatedArtist.php [13])
(../../dev/SimpleTab/controller/getTabByArtist.php)
(../../dev/SimpleTab/controller/addTab.php [14])
(../../dev/SimpleTab/controller/deleteTabById.php [15])
(../../dev/SimpleTab/controller/getTabByTitle.php [16])
(../../dev/SimpleTab/controller/addComment.php)
(../../dev/SimpleTab/controller/getDifficultyInLetters.php [17])
(../../dev/SimpleTab/controller/addUser.php [18])
(../../dev/SimpleTab/controller/getCommentsByTab.php)
(../../dev/SimpleTab/controller/addRate.php [19])
(../../dev/SimpleTab/controller/destroySession.php)
(../../dev/SimpleTab/model/userManager.php [20] [21] [22])
(../../dev/SimpleTab/model/tablatureManager.php [23] [24] [25] [26] [27])
(../../dev/SimpleTab/model/commentManager.php [28] [29])
(../../dev/SimpleTab/model/rateManager.php [30] [31])
(../../dev/SimpleTab/model/artistManager.php [32])
(../../dev/SimpleTab/model/rate.php [33])
(../../dev/SimpleTab/model/tablature.php [34] [35])
(../../dev/SimpleTab/model/user.php [36])
(../../dev/SimpleTab/model/comment.php [37]) [38]
(../../dev/SimpleTab/model/Artist.php) (../../dev/SimpleTab/model/database.php
[39]) (../../dev/SimpleTab/public/css/style.css)
(../../dev/SimpleTab/public/js/function.js [40] [41]
Overfull \hbox (23.22409pt too wide) in paragraph at lines 193--194
[][][][][][][][][][][][][][][][][][][][][][][][][][][][][][][][][][][][][][][][
][] 
 []

[42] [43]) [44] (../../dev/SimpleTab/tabs/81.php [45])
(../../dev/SimpleTab/tabs/83.php [46]) (../../dev/SimpleTab/tabs/84.php
[47] [48]) (../../dev/SimpleTab/view/homePage.php [49] [50])
(../../dev/SimpleTab/view/search.php [51] [52]
Overfull \hbox (31.72409pt too wide) in paragraph at lines 110--111
[][][][][][][][][][][][][][][][][][][][][][][][][][][][][][][][][][][][][][][][
][] 
 []

[53]) (../../dev/SimpleTab/view/tablaturePage.php [54] [55] [56] [57])
(../../dev/SimpleTab/view/tablatureManagerPage.php [58]
Overfull \hbox (5.27951pt too wide) in paragraph at lines 49--50
[][][][][][][][][][][][][][][][][][][][][][][][][][][][][][][][][][][][][][][][
][][][][][][][][][][][][][][][][][][][][][][][][][][][][][][][][][][][][][][][]
[][][][][][][][][][][][][][][]  
 []

[59]) [60] (../../dev/SimpleTab/view/modals.php [61] [62])
(../../dev/SimpleTab/view/tablatureAndUserManagerPage.php [63] [64])

AED: lastpage setting LastPage
[65]
Package atveryend Info: Empty hook `BeforeClearDocument' on input line 167.
Package atveryend Info: Empty hook `AfterLastShipout' on input line 167.
 (SimpleTab.aux)
Package atveryend Info: Executing hook `AtVeryEndDocument' on input line 167.
Package atveryend Info: Executing hook `AtEndAfterFileList' on input line 167.
Package rerunfilecheck Info: File `SimpleTab.out' has not changed.
(rerunfilecheck)             Checksum: FFB3F9FAC8743C912DEF188325552710;4000.
Package atveryend Info: Empty hook `AtVeryVeryEnd' on input line 167.
 ) 
Here is how much of TeX's memory you used:
 18532 strings out of 493318
 286967 string characters out of 3136899
 1136637 words of memory out of 3000000
 16337 multiletter control sequences out of 15000+200000
 71876 words of font info for 53 fonts, out of 3000000 for 9000
 1141 hyphenation exceptions out of 8191
 35i,12n,43p,379b,3054s stack positions out of 5000i,500n,10000p,200000b,50000s
{C:/Users/SAUSERR_INFO/Desktop/tex/MiKTexPortable/texmfs/install/fonts/enc/dv
ips/lm/lm-mathit.enc}{C:/Users/SAUSERR_INFO/Desktop/tex/MiKTexPortable/texmfs/i
nstall/fonts/enc/dvips/lm/lm-mathsy.enc}{C:/Users/SAUSERR_INFO/Desktop/tex/MiKT
exPortable/texmfs/install/fonts/enc/dvips/lm/lm-ec.enc}{C:/Users/SAUSERR_INFO/D
esktop/tex/MiKTexPortable/texmfs/install/fonts/enc/dvips/base/8r.enc}<C:/Users/
SAUSERR_INFO/Desktop/tex/MiKTexPortable/texmfs/install/fonts/type1/public/lm/lm
bx12.pfb><C:/Users/SAUSERR_INFO/Desktop/tex/MiKTexPortable/texmfs/install/fonts
/type1/public/lm/lmmi8.pfb><C:/Users/SAUSERR_INFO/Desktop/tex/MiKTexPortable/te
xmfs/install/fonts/type1/public/lm/lmr10.pfb><C:/Users/SAUSERR_INFO/Desktop/tex
/MiKTexPortable/texmfs/install/fonts/type1/public/lm/lmr12.pfb><C:/Users/SAUSER
R_INFO/Desktop/tex/MiKTexPortable/texmfs/install/fonts/type1/public/lm/lmr8.pfb
><C:/Users/SAUSERR_INFO/Desktop/tex/MiKTexPortable/texmfs/install/fonts/type1/p
ublic/lm/lmri8.pfb><C:/Users/SAUSERR_INFO/Desktop/tex/MiKTexPortable/texmfs/ins
tall/fonts/type1/public/lm/lmsy8.pfb><C:/Users/SAUSERR_INFO/Desktop/tex/MiKTexP
ortable/texmfs/install/fonts/type1/public/lm/lmtt8.pfb><C:/Users/SAUSERR_INFO/D
esktop/tex/MiKTexPortable/texmfs/install/fonts/type1/urw/helvetic/uhvr8a.pfb>
Output written on SimpleTab.pdf (66 pages, 1402843 bytes).
PDF statistics:
 7087 PDF objects out of 7423 (max. 8388607)
 5443 named destinations out of 6186 (max. 500000)
 465 words of extra memory for PDF output out of 10000 (max. 10000000)

